INFO: [VRFC 10-2263] Analyzing Verilog file "D:/UNAL/semester6/digitali/proyecto/wp2-simulacion-captura-grupo-03/src/sources/VGA_Driver.v" into library xil_defaultlib
INFO: [VRFC 10-311] analyzing module VGA_Driver
INFO: [VRFC 10-2263] Analyzing Verilog file "D:/UNAL/semester6/digitali/proyecto/wp2-simulacion-captura-grupo-03/src/sources/buffer_ram_dp.v" into library xil_defaultlib
INFO: [VRFC 10-311] analyzing module buffer_ram_dp
INFO: [VRFC 10-2263] Analyzing Verilog file "D:/UNAL/semester6/digitali/proyecto/wp2-simulacion-captura-grupo-03/src/sources/cam_read.v" into library xil_defaultlib
INFO: [VRFC 10-311] analyzing module cam_read
INFO: [VRFC 10-2263] Analyzing Verilog file "D:/UNAL/semester6/digitali/proyecto/wp2-simulacion-captura-grupo-03/src/sources/PLL/clk24_25_nexys4.v" into library xil_defaultlib
INFO: [VRFC 10-311] analyzing module clk24_25_nexys4
INFO: [VRFC 10-2458] undeclared symbol clkin1, assumed default net type wire [D:/UNAL/semester6/digitali/proyecto/wp2-simulacion-captura-grupo-03/src/sources/PLL/clk24_25_nexys4.v:83]
INFO: [VRFC 10-2458] undeclared symbol clkout0, assumed default net type wire [D:/UNAL/semester6/digitali/proyecto/wp2-simulacion-captura-grupo-03/src/sources/PLL/clk24_25_nexys4.v:133]
INFO: [VRFC 10-2458] undeclared symbol clkout1, assumed default net type wire [D:/UNAL/semester6/digitali/proyecto/wp2-simulacion-captura-grupo-03/src/sources/PLL/clk24_25_nexys4.v:135]
INFO: [VRFC 10-2263] Analyzing Verilog file "D:/UNAL/semester6/digitali/proyecto/wp2-simulacion-captura-grupo-03/src/sources/test_cam.v" into library xil_defaultlib
INFO: [VRFC 10-311] analyzing module test_cam
WARNING: [VRFC 10-3676] redeclaration of ansi port 'DP_RAM_addr_in' is not allowed [D:/UNAL/semester6/digitali/proyecto/wp2-simulacion-captura-grupo-03/src/sources/test_cam.v:76]
WARNING: [VRFC 10-3676] redeclaration of ansi port 'DP_RAM_data_in' is not allowed [D:/UNAL/semester6/digitali/proyecto/wp2-simulacion-captura-grupo-03/src/sources/test_cam.v:77]
WARNING: [VRFC 10-3676] redeclaration of ansi port 'DP_RAM_regW' is not allowed [D:/UNAL/semester6/digitali/proyecto/wp2-simulacion-captura-grupo-03/src/sources/test_cam.v:78]
WARNING: [VRFC 10-3676] redeclaration of ansi port 'DP_RAM_addr_out' is not allowed [D:/UNAL/semester6/digitali/proyecto/wp2-simulacion-captura-grupo-03/src/sources/test_cam.v:80]
WARNING: [VRFC 10-3676] redeclaration of ansi port 'data_mem' is not allowed [D:/UNAL/semester6/digitali/proyecto/wp2-simulacion-captura-grupo-03/src/sources/test_cam.v:83]
INFO: [VRFC 10-2263] Analyzing Verilog file "D:/UNAL/semester6/digitali/proyecto/wp2-simulacion-captura-grupo-03/src/simulation/test_cam_TB.v" into library xil_defaultlib
INFO: [VRFC 10-311] analyzing module test_cam_TB
